2020-12-25 13:32:11,613 INFO o.s.b.StartupInfoLogger [restartedMain] Starting AlianzaClientesApplication using Java 15.0.1 on carlosR-HP-Laptop-15-dw0la with PID 17729 (/home/carlosr/repos/alianza-test-backend/target/classes started by carlosr in /home/carlosr/repos/alianza-test-backend)
2020-12-25 13:32:11,620 INFO o.s.b.SpringApplication [restartedMain] No active profile set, falling back to default profiles: default
2020-12-25 13:32:11,662 INFO o.s.b.l.DeferredLog [restartedMain] Devtools property defaults active! Set 'spring.devtools.add-properties' to 'false' to disable
2020-12-25 13:32:11,663 INFO o.s.b.l.DeferredLog [restartedMain] For additional web related logging consider setting the 'logging.level.web' property to 'DEBUG'
2020-12-25 13:32:12,236 INFO o.s.d.r.c.RepositoryConfigurationDelegate [restartedMain] Bootstrapping Spring Data JPA repositories in DEFERRED mode.
2020-12-25 13:32:12,274 INFO o.s.d.r.c.RepositoryConfigurationDelegate [restartedMain] Finished Spring Data repository scanning in 32 ms. Found 1 JPA repository interfaces.
2020-12-25 13:32:12,704 INFO o.s.b.w.e.t.TomcatWebServer [restartedMain] Tomcat initialized with port(s): 8282 (http)
2020-12-25 13:32:12,712 INFO o.a.j.l.DirectJDKLog [restartedMain] Initializing ProtocolHandler ["http-nio-8282"]
2020-12-25 13:32:12,713 INFO o.a.j.l.DirectJDKLog [restartedMain] Starting service [Tomcat]
2020-12-25 13:32:12,713 INFO o.a.j.l.DirectJDKLog [restartedMain] Starting Servlet engine: [Apache Tomcat/9.0.39]
2020-12-25 13:32:12,764 INFO o.a.j.l.DirectJDKLog [restartedMain] Initializing Spring embedded WebApplicationContext
2020-12-25 13:32:12,765 INFO o.s.b.w.s.c.ServletWebServerApplicationContext [restartedMain] Root WebApplicationContext: initialization completed in 1102 ms
2020-12-25 13:32:12,892 INFO o.s.s.c.ExecutorConfigurationSupport [restartedMain] Initializing ExecutorService 'applicationTaskExecutor'
2020-12-25 13:32:12,905 INFO c.z.h.HikariDataSource [restartedMain] HikariPool-1 - Starting...
2020-12-25 13:32:13,168 INFO c.z.h.HikariDataSource [restartedMain] HikariPool-1 - Start completed.
2020-12-25 13:32:13,227 WARN o.s.b.a.o.j.JpaBaseConfiguration$JpaWebConfiguration [restartedMain] spring.jpa.open-in-view is enabled by default. Therefore, database queries may be performed during view rendering. Explicitly configure spring.jpa.open-in-view to disable this warning
2020-12-25 13:32:13,308 DEBUG o.s.w.s.m.m.a.RequestMappingHandlerAdapter [restartedMain] ControllerAdvice beans: 0 @ModelAttribute, 0 @InitBinder, 1 RequestBodyAdvice, 1 ResponseBodyAdvice
2020-12-25 13:32:13,366 DEBUG o.s.w.s.h.AbstractHandlerMethodMapping [restartedMain] 9 mappings in 'requestMappingHandlerMapping'
2020-12-25 13:32:13,388 DEBUG o.s.w.s.h.SimpleUrlHandlerMapping [restartedMain] Patterns [/webjars/**, /**] in 'resourceHandlerMapping'
2020-12-25 13:32:13,395 DEBUG o.s.w.s.m.m.a.ExceptionHandlerExceptionResolver [restartedMain] ControllerAdvice beans: 0 @ExceptionHandler, 1 ResponseBodyAdvice
2020-12-25 13:32:13,467 INFO o.s.b.d.a.OptionalLiveReloadServer [restartedMain] LiveReload server is running on port 35729
2020-12-25 13:32:13,484 INFO o.a.j.l.DirectJDKLog [restartedMain] Starting ProtocolHandler ["http-nio-8282"]
2020-12-25 13:32:13,498 INFO o.s.b.w.e.t.TomcatWebServer [restartedMain] Tomcat started on port(s): 8282 (http) with context path ''
2020-12-25 13:32:13,499 INFO o.s.d.r.c.DeferredRepositoryInitializationListener [restartedMain] Triggering deferred initialization of Spring Data repositories…
2020-12-25 13:32:13,805 INFO o.s.o.j.AbstractEntityManagerFactoryBean [task-1] Initialized JPA EntityManagerFactory for persistence unit 'default'
2020-12-25 13:32:13,929 INFO o.s.d.r.c.DeferredRepositoryInitializationListener [restartedMain] Spring Data repositories initialized!
2020-12-25 13:32:13,936 INFO o.s.b.StartupInfoLogger [restartedMain] Started AlianzaClientesApplication in 2.608 seconds (JVM running for 3.407)
2020-12-25 13:33:14,231 INFO o.a.j.l.DirectJDKLog [http-nio-8282-exec-2] Initializing Spring DispatcherServlet 'dispatcherServlet'
2020-12-25 13:33:14,232 INFO o.s.w.s.FrameworkServlet [http-nio-8282-exec-2] Initializing Servlet 'dispatcherServlet'
2020-12-25 13:33:14,232 DEBUG o.s.w.s.DispatcherServlet [http-nio-8282-exec-2] Detected StandardServletMultipartResolver
2020-12-25 13:33:14,232 DEBUG o.s.w.s.DispatcherServlet [http-nio-8282-exec-2] Detected AcceptHeaderLocaleResolver
2020-12-25 13:33:14,232 DEBUG o.s.w.s.DispatcherServlet [http-nio-8282-exec-2] Detected FixedThemeResolver
2020-12-25 13:33:14,233 DEBUG o.s.w.s.DispatcherServlet [http-nio-8282-exec-2] Detected org.springframework.web.servlet.view.DefaultRequestToViewNameTranslator@75d9b9f8
2020-12-25 13:33:14,234 DEBUG o.s.w.s.DispatcherServlet [http-nio-8282-exec-2] Detected org.springframework.web.servlet.support.SessionFlashMapManager@1747a419
2020-12-25 13:33:14,234 DEBUG o.s.w.s.FrameworkServlet [http-nio-8282-exec-2] enableLoggingRequestDetails='false': request parameters and headers will be masked to prevent unsafe logging of potentially sensitive data
2020-12-25 13:33:14,234 INFO o.s.w.s.FrameworkServlet [http-nio-8282-exec-2] Completed initialization in 2 ms
2020-12-25 13:33:14,239 DEBUG o.s.c.l.LogFormatUtils [http-nio-8282-exec-2] GET "/v1/cliente-api/search?param=&page=0&size=5&sortBy=nombre&sortOrder=asc", parameters={masked}
2020-12-25 13:33:14,241 DEBUG o.s.w.s.h.AbstractHandlerMapping [http-nio-8282-exec-2] Mapped to com.alianza.test.controller.ClienteController#search(int, int, String, String, String)
2020-12-25 13:33:14,365 INFO c.a.t.s.i.ClienteService [http-nio-8282-exec-2] SEARCH - A INFO Message
2020-12-25 13:33:14,365 WARN c.a.t.s.i.ClienteService [http-nio-8282-exec-2] SEARCH - A WARN Message
2020-12-25 13:33:14,365 ERROR c.a.t.s.i.ClienteService [http-nio-8282-exec-2] SEARCH - A ERR Message
2020-12-25 13:33:14,391 DEBUG o.s.w.s.m.m.a.AbstractMessageConverterMethodProcessor [http-nio-8282-exec-2] Using 'application/json', given [*/*] and supported [application/json, application/*+json, application/json, application/*+json]
2020-12-25 13:33:14,392 DEBUG o.s.c.l.LogFormatUtils [http-nio-8282-exec-2] Writing [com.alianza.test.shared.ResultSearchData@2a505bc6]
2020-12-25 13:33:14,406 DEBUG o.s.w.s.FrameworkServlet [http-nio-8282-exec-2] Completed 200 OK
2020-12-25 13:35:22,506 INFO o.s.b.a.SpringApplicationAdminMXBeanRegistrar$SpringApplicationAdmin [RMI TCP Connection(11)-127.0.0.1] Application shutdown requested.
2020-12-25 13:35:22,565 INFO o.s.o.j.AbstractEntityManagerFactoryBean [RMI TCP Connection(11)-127.0.0.1] Closing JPA EntityManagerFactory for persistence unit 'default'
2020-12-25 13:35:22,567 INFO o.s.s.c.ExecutorConfigurationSupport [RMI TCP Connection(11)-127.0.0.1] Shutting down ExecutorService 'applicationTaskExecutor'
2020-12-25 13:35:22,568 INFO c.z.h.HikariDataSource [RMI TCP Connection(11)-127.0.0.1] HikariPool-1 - Shutdown initiated...
2020-12-25 13:35:22,578 INFO c.z.h.HikariDataSource [RMI TCP Connection(11)-127.0.0.1] HikariPool-1 - Shutdown completed.
