2020-12-21 00:05:48,085 INFO o.s.b.StartupInfoLogger [main] Starting AlianzaClientesApplicationTests using Java 1.8.0_275 on carlosR-HP-Laptop-15-dw0la with PID 29559 (started by carlosr in /home/carlosr/repos/alianza-test-backend)
2020-12-21 00:05:48,097 INFO o.s.b.SpringApplication [main] No active profile set, falling back to default profiles: default
2020-12-21 00:05:48,124 DEBUG o.s.c.s.AbstractApplicationContext [main] Refreshing org.springframework.web.context.support.GenericWebApplicationContext@41925502
2020-12-21 00:05:48,575 INFO o.s.d.r.c.RepositoryConfigurationDelegate [main] Bootstrapping Spring Data JPA repositories in DEFERRED mode.
2020-12-21 00:05:48,627 INFO o.s.d.r.c.RepositoryConfigurationDelegate [main] Finished Spring Data repository scanning in 46 ms. Found 1 JPA repository interfaces.
2020-12-21 00:05:49,062 INFO o.s.s.c.ExecutorConfigurationSupport [main] Initializing ExecutorService 'applicationTaskExecutor'
2020-12-21 00:05:49,075 INFO c.z.h.HikariDataSource [main] HikariPool-1 - Starting...
2020-12-21 00:05:49,263 INFO c.z.h.HikariDataSource [main] HikariPool-1 - Start completed.
2020-12-21 00:05:49,512 WARN o.s.b.a.o.j.JpaBaseConfiguration$JpaWebConfiguration [main] spring.jpa.open-in-view is enabled by default. Therefore, database queries may be performed during view rendering. Explicitly configure spring.jpa.open-in-view to disable this warning
2020-12-21 00:05:49,719 DEBUG o.s.w.s.m.m.a.RequestMappingHandlerAdapter [main] ControllerAdvice beans: 0 @ModelAttribute, 0 @InitBinder, 1 RequestBodyAdvice, 1 ResponseBodyAdvice
2020-12-21 00:05:49,827 DEBUG o.s.w.s.h.AbstractHandlerMethodMapping [main] 9 mappings in 'requestMappingHandlerMapping'
2020-12-21 00:05:49,890 DEBUG o.s.w.s.h.SimpleUrlHandlerMapping [main] Patterns [/webjars/**, /**] in 'resourceHandlerMapping'
2020-12-21 00:05:49,905 DEBUG o.s.w.s.m.m.a.ExceptionHandlerExceptionResolver [main] ControllerAdvice beans: 0 @ExceptionHandler, 1 ResponseBodyAdvice
2020-12-21 00:05:50,103 INFO o.s.d.r.c.DeferredRepositoryInitializationListener [main] Triggering deferred initialization of Spring Data repositories…
2020-12-21 00:05:50,271 INFO o.s.o.j.AbstractEntityManagerFactoryBean [task-1] Initialized JPA EntityManagerFactory for persistence unit 'default'
2020-12-21 00:05:50,595 INFO o.s.d.r.c.DeferredRepositoryInitializationListener [main] Spring Data repositories initialized!
2020-12-21 00:05:50,602 INFO o.s.b.StartupInfoLogger [main] Started AlianzaClientesApplicationTests in 2.773 seconds (JVM running for 3.563)
2020-12-21 00:05:50,702 DEBUG o.s.c.s.AbstractApplicationContext [SpringContextShutdownHook] Closing org.springframework.web.context.support.GenericWebApplicationContext@41925502, started on Mon Dec 21 00:05:48 COT 2020
2020-12-21 00:05:50,704 INFO o.s.o.j.AbstractEntityManagerFactoryBean [SpringContextShutdownHook] Closing JPA EntityManagerFactory for persistence unit 'default'
2020-12-21 00:05:50,706 INFO o.s.s.c.ExecutorConfigurationSupport [SpringContextShutdownHook] Shutting down ExecutorService 'applicationTaskExecutor'
2020-12-21 00:05:50,706 INFO c.z.h.HikariDataSource [SpringContextShutdownHook] HikariPool-1 - Shutdown initiated...
2020-12-21 00:05:50,712 INFO c.z.h.HikariDataSource [SpringContextShutdownHook] HikariPool-1 - Shutdown completed.
